<?xml version="1.0" encoding="UTF-8"?>
<testsuite name="AbstractFactoryTest" tests="5" skipped="0" failures="0" errors="0" timestamp="2017-10-10T09:01:21" hostname="P5MD-PORT136l" time="0.006">
  <properties/>
  <testcase name="shouldThrowExceptionForShape" classname="AbstractFactoryTest" time="0.002"/>
  <testcase name="shouldThrowExceptionForMeal" classname="AbstractFactoryTest" time="0.0"/>
  <testcase name="shouldGetAllMeals" classname="AbstractFactoryTest" time="0.001"/>
  <testcase name="shouldGetAllShapes" classname="AbstractFactoryTest" time="0.0"/>
  <testcase name="shouldNotGetNull" classname="AbstractFactoryTest" time="0.001"/>
  <system-out><![CDATA[]]></system-out>
  <system-err><![CDATA[]]></system-err>
</testsuite>
